{"/Users/jordy/Projects/linkedin-profile-scraper/src/example/server.ts": {"path":"/Users/jordy/Projects/linkedin-profile-scraper/src/example/server.ts","statementMap":{"0":{"start":{"line":1,"column":0},"end":{"line":1,"column":27}},"1":{"start":{"line":2,"column":0},"end":{"line":2,"column":30}},"2":{"start":{"line":3,"column":12},"end":{"line":3,"column":21}},"3":{"start":{"line":4,"column":13},"end":{"line":4,"column":37}},"4":{"start":{"line":5,"column":0},"end":{"line":5,"column":95}},"5":{"start":{"line":7,"column":0},"end":{"line":7,"column":43}},"6":{"start":{"line":9,"column":0},"end":{"line":52,"column":null}},"7":{"start":{"line":9,"column":12},"end":{"line":52,"column":2}},"8":{"start":{"line":10,"column":2},"end":{"line":48,"column":null}},"9":{"start":{"line":13,"column":21},"end":{"line":13,"column":41}},"10":{"start":{"line":16,"column":4},"end":{"line":24,"column":null}},"11":{"start":{"line":16,"column":42},"end":{"line":24,"column":6}},"12":{"start":{"line":17,"column":25},"end":{"line":17,"column":52}},"13":{"start":{"line":19,"column":6},"end":{"line":23,"column":null}},"14":{"start":{"line":20,"column":8},"end":{"line":20,"column":null}},"15":{"start":{"line":22,"column":8},"end":{"line":22,"column":null}},"16":{"start":{"line":26,"column":4},"end":{"line":37,"column":null}},"17":{"start":{"line":26,"column":36},"end":{"line":37,"column":6}},"18":{"start":{"line":27,"column":26},"end":{"line":27,"column":49}},"19":{"start":{"line":29,"column":6},"end":{"line":36,"column":null}},"20":{"start":{"line":30,"column":39},"end":{"line":30,"column":89}},"21":{"start":{"line":31,"column":8},"end":{"line":31,"column":null}},"22":{"start":{"line":33,"column":8},"end":{"line":35,"column":null}},"23":{"start":{"line":39,"column":4},"end":{"line":39,"column":null}},"24":{"start":{"line":40,"column":4},"end":{"line":40,"column":null}},"25":{"start":{"line":42,"column":4},"end":{"line":47,"column":null}},"26":{"start":{"line":42,"column":36},"end":{"line":47,"column":6}},"27":{"start":{"line":43,"column":6},"end":{"line":46,"column":null}},"28":{"start":{"line":50,"column":2},"end":{"line":50,"column":null}},"29":{"start":{"line":50,"column":25},"end":{"line":50,"column":90}}},"fnMap":{"0":{"name":"(anonymous_0)","decl":{"start":{"line":9,"column":1},"end":{"line":9,"column":10}},"loc":{"start":{"line":9,"column":12},"end":{"line":52,"column":2}}},"1":{"name":"(anonymous_1)","decl":{"start":{"line":9,"column":12},"end":{"line":9,"column":null}},"loc":{"start":{"line":9,"column":12},"end":{"line":52,"column":1}}},"2":{"name":"(anonymous_2)","decl":{"start":{"line":16,"column":23},"end":{"line":16,"column":30}},"loc":{"start":{"line":16,"column":42},"end":{"line":24,"column":6}}},"3":{"name":"(anonymous_3)","decl":{"start":{"line":16,"column":42},"end":{"line":16,"column":null}},"loc":{"start":{"line":16,"column":42},"end":{"line":24,"column":5}}},"4":{"name":"(anonymous_4)","decl":{"start":{"line":26,"column":17},"end":{"line":26,"column":24}},"loc":{"start":{"line":26,"column":36},"end":{"line":37,"column":6}}},"5":{"name":"(anonymous_5)","decl":{"start":{"line":26,"column":36},"end":{"line":26,"column":null}},"loc":{"start":{"line":26,"column":36},"end":{"line":37,"column":5}}},"6":{"name":"(anonymous_6)","decl":{"start":{"line":42,"column":17},"end":{"line":42,"column":24}},"loc":{"start":{"line":42,"column":36},"end":{"line":47,"column":6}}},"7":{"name":"(anonymous_7)","decl":{"start":{"line":42,"column":36},"end":{"line":42,"column":null}},"loc":{"start":{"line":42,"column":36},"end":{"line":47,"column":5}}},"8":{"name":"(anonymous_8)","decl":{"start":{"line":50,"column":19},"end":{"line":50,"column":22}},"loc":{"start":{"line":50,"column":25},"end":{"line":50,"column":90}}}},"branchMap":{"0":{"loc":{"start":{"line":4,"column":13},"end":{"line":4,"column":29}},"type":"binary-expr","locations":[{"start":{"line":4,"column":13},"end":{"line":4,"column":29}},{"start":{"line":4,"column":33},"end":{"line":4,"column":37}}]},"1":{"loc":{"start":{"line":19,"column":6},"end":{"line":23,"column":null}},"type":"if","locations":[{"start":{"line":19,"column":6},"end":{"line":23,"column":null}},{"start":{"line":19,"column":6},"end":{"line":23,"column":null}}]},"2":{"loc":{"start":{"line":29,"column":6},"end":{"line":36,"column":null}},"type":"if","locations":[{"start":{"line":29,"column":6},"end":{"line":36,"column":null}},{"start":{"line":29,"column":6},"end":{"line":36,"column":null}}]},"3":{"loc":{"start":{"line":29,"column":21},"end":{"line":29,"column":23}},"type":"cond-expr","locations":[{"start":{"line":29,"column":21},"end":{"line":29,"column":23}},{"start":{"line":29,"column":10},"end":{"line":29,"column":50}}]},"4":{"loc":{"start":{"line":29,"column":10},"end":{"line":29,"column":23}},"type":"binary-expr","locations":[{"start":{"line":29,"column":10},"end":{"line":29,"column":23}},{"start":{"line":29,"column":10},"end":{"line":29,"column":23}}]},"5":{"loc":{"start":{"line":45,"column":31},"end":{"line":45,"column":42}},"type":"cond-expr","locations":[{"start":{"line":45,"column":31},"end":{"line":45,"column":42}},{"start":{"line":45,"column":45},"end":{"line":45,"column":49}}]}},"s":{"0":0,"1":0,"2":0,"3":0,"4":0,"5":0,"6":0,"7":0,"8":0,"9":0,"10":0,"11":0,"12":0,"13":0,"14":0,"15":0,"16":0,"17":0,"18":0,"19":0,"20":0,"21":0,"22":0,"23":0,"24":0,"25":0,"26":0,"27":0,"28":0,"29":0},"f":{"0":0,"1":0,"2":0,"3":0,"4":0,"5":0,"6":0,"7":0,"8":0},"b":{"0":[0,0],"1":[0,0],"2":[0,0],"3":[0,0],"4":[0,0],"5":[0,0]}}
,"/Users/jordy/Projects/linkedin-profile-scraper/src/utils/index.ts": {"path":"/Users/jordy/Projects/linkedin-profile-scraper/src/utils/index.ts","statementMap":{"0":{"start":{"line":1,"column":0},"end":{"line":1,"column":28}},"1":{"start":{"line":9,"column":13},"end":{"line":15,"column":null}},"2":{"start":{"line":10,"column":2},"end":{"line":12,"column":null}},"3":{"start":{"line":11,"column":4},"end":{"line":11,"column":null}},"4":{"start":{"line":14,"column":2},"end":{"line":14,"column":null}},"5":{"start":{"line":17,"column":13},"end":{"line":21,"column":null}},"6":{"start":{"line":18,"column":2},"end":{"line":18,"column":null}},"7":{"start":{"line":18,"column":48},"end":{"line":18,"column":null}},"8":{"start":{"line":20,"column":2},"end":{"line":20,"column":null}},"9":{"start":{"line":23,"column":13},"end":{"line":56,"column":null}},"10":{"start":{"line":26,"column":2},"end":{"line":26,"column":null}},"11":{"start":{"line":26,"column":13},"end":{"line":26,"column":null}},"12":{"start":{"line":28,"column":20},"end":{"line":28,"column":52}},"13":{"start":{"line":30,"column":16},"end":{"line":30,"column":37}},"14":{"start":{"line":32,"column":28},"end":{"line":32,"column":32}},"15":{"start":{"line":33,"column":32},"end":{"line":33,"column":36}},"16":{"start":{"line":34,"column":31},"end":{"line":34,"column":35}},"17":{"start":{"line":36,"column":2},"end":{"line":40,"column":null}},"18":{"start":{"line":37,"column":4},"end":{"line":37,"column":null}},"19":{"start":{"line":38,"column":4},"end":{"line":38,"column":null}},"20":{"start":{"line":39,"column":4},"end":{"line":39,"column":null}},"21":{"start":{"line":42,"column":2},"end":{"line":45,"column":null}},"22":{"start":{"line":43,"column":4},"end":{"line":43,"column":null}},"23":{"start":{"line":44,"column":4},"end":{"line":44,"column":null}},"24":{"start":{"line":47,"column":2},"end":{"line":49,"column":null}},"25":{"start":{"line":48,"column":4},"end":{"line":48,"column":null}},"26":{"start":{"line":51,"column":2},"end":{"line":55,"column":null}},"27":{"start":{"line":58,"column":13},"end":{"line":73,"column":null}},"28":{"start":{"line":59,"column":36},"end":{"line":59,"column":41}},"29":{"start":{"line":60,"column":32},"end":{"line":60,"column":52}},"30":{"start":{"line":62,"column":2},"end":{"line":62,"column":null}},"31":{"start":{"line":62,"column":13},"end":{"line":62,"column":null}},"32":{"start":{"line":64,"column":20},"end":{"line":70,"column":11}},"33":{"start":{"line":72,"column":2},"end":{"line":72,"column":null}},"34":{"start":{"line":75,"column":13},"end":{"line":79,"column":null}},"35":{"start":{"line":76,"column":22},"end":{"line":76,"column":72}},"36":{"start":{"line":77,"column":22},"end":{"line":77,"column":55}},"37":{"start":{"line":78,"column":2},"end":{"line":78,"column":null}}},"fnMap":{"0":{"name":"(anonymous_0)","decl":{"start":{"line":9,"column":26},"end":{"line":9,"column":27}},"loc":{"start":{"line":9,"column":63},"end":{"line":15,"column":1}}},"1":{"name":"(anonymous_1)","decl":{"start":{"line":17,"column":33},"end":{"line":17,"column":34}},"loc":{"start":{"line":17,"column":112},"end":{"line":21,"column":1}}},"2":{"name":"(anonymous_2)","decl":{"start":{"line":23,"column":35},"end":{"line":23,"column":36}},"loc":{"start":{"line":23,"column":69},"end":{"line":56,"column":1}}},"3":{"name":"(anonymous_3)","decl":{"start":{"line":58,"column":28},"end":{"line":58,"column":29}},"loc":{"start":{"line":58,"column":45},"end":{"line":73,"column":1}}},"4":{"name":"(anonymous_4)","decl":{"start":{"line":75,"column":25},"end":{"line":75,"column":26}},"loc":{"start":{"line":75,"column":98},"end":{"line":79,"column":1}}}},"branchMap":{"0":{"loc":{"start":{"line":10,"column":2},"end":{"line":12,"column":null}},"type":"if","locations":[{"start":{"line":10,"column":2},"end":{"line":12,"column":null}},{"start":{"line":10,"column":2},"end":{"line":12,"column":null}}]},"1":{"loc":{"start":{"line":18,"column":2},"end":{"line":18,"column":null}},"type":"if","locations":[{"start":{"line":18,"column":2},"end":{"line":18,"column":null}},{"start":{"line":18,"column":2},"end":{"line":18,"column":null}}]},"2":{"loc":{"start":{"line":18,"column":6},"end":{"line":18,"column":25}},"type":"binary-expr","locations":[{"start":{"line":18,"column":6},"end":{"line":18,"column":25}},{"start":{"line":18,"column":29},"end":{"line":18,"column":46}}]},"3":{"loc":{"start":{"line":26,"column":2},"end":{"line":26,"column":null}},"type":"if","locations":[{"start":{"line":26,"column":2},"end":{"line":26,"column":null}},{"start":{"line":26,"column":2},"end":{"line":26,"column":null}}]},"4":{"loc":{"start":{"line":36,"column":2},"end":{"line":40,"column":null}},"type":"if","locations":[{"start":{"line":36,"column":2},"end":{"line":40,"column":null}},{"start":{"line":36,"column":2},"end":{"line":40,"column":null}}]},"5":{"loc":{"start":{"line":42,"column":2},"end":{"line":45,"column":null}},"type":"if","locations":[{"start":{"line":42,"column":2},"end":{"line":45,"column":null}},{"start":{"line":42,"column":2},"end":{"line":45,"column":null}}]},"6":{"loc":{"start":{"line":47,"column":2},"end":{"line":49,"column":null}},"type":"if","locations":[{"start":{"line":47,"column":2},"end":{"line":49,"column":null}},{"start":{"line":47,"column":2},"end":{"line":49,"column":null}}]},"7":{"loc":{"start":{"line":62,"column":2},"end":{"line":62,"column":null}},"type":"if","locations":[{"start":{"line":62,"column":2},"end":{"line":62,"column":null}},{"start":{"line":62,"column":2},"end":{"line":62,"column":null}}]},"8":{"loc":{"start":{"line":76,"column":43},"end":{"line":76,"column":67}},"type":"cond-expr","locations":[{"start":{"line":76,"column":43},"end":{"line":76,"column":67}},{"start":{"line":76,"column":70},"end":{"line":76,"column":72}}]},"9":{"loc":{"start":{"line":77,"column":34},"end":{"line":77,"column":48}},"type":"cond-expr","locations":[{"start":{"line":77,"column":34},"end":{"line":77,"column":48}},{"start":{"line":77,"column":51},"end":{"line":77,"column":55}}]}},"s":{"0":1,"1":1,"2":1,"3":0,"4":1,"5":1,"6":1,"7":0,"8":1,"9":1,"10":3,"11":0,"12":3,"13":3,"14":3,"15":3,"16":3,"17":3,"18":1,"19":1,"20":1,"21":3,"22":1,"23":1,"24":3,"25":1,"26":3,"27":1,"28":5,"29":5,"30":5,"31":0,"32":5,"33":5,"34":1,"35":0,"36":0,"37":0},"f":{"0":1,"1":1,"2":3,"3":5,"4":0},"b":{"0":[0,1],"1":[0,1],"2":[1,1],"3":[0,3],"4":[1,2],"5":[1,2],"6":[1,2],"7":[0,5],"8":[0,0],"9":[0,0]}}
}
