TN:
SF:src/example/server.ts
FN:9,(anonymous_0)
FN:9,(anonymous_1)
FN:16,(anonymous_2)
FN:16,(anonymous_3)
FN:26,(anonymous_4)
FN:26,(anonymous_5)
FN:42,(anonymous_6)
FN:42,(anonymous_7)
FN:50,(anonymous_8)
FNF:9
FNH:0
FNDA:0,(anonymous_0)
FNDA:0,(anonymous_1)
FNDA:0,(anonymous_2)
FNDA:0,(anonymous_3)
FNDA:0,(anonymous_4)
FNDA:0,(anonymous_5)
FNDA:0,(anonymous_6)
FNDA:0,(anonymous_7)
FNDA:0,(anonymous_8)
DA:1,0
DA:2,0
DA:3,0
DA:4,0
DA:5,0
DA:7,0
DA:9,0
DA:10,0
DA:13,0
DA:16,0
DA:17,0
DA:19,0
DA:20,0
DA:22,0
DA:26,0
DA:27,0
DA:29,0
DA:30,0
DA:31,0
DA:33,0
DA:39,0
DA:40,0
DA:42,0
DA:43,0
DA:50,0
LF:25
LH:0
BRDA:4,0,0,0
BRDA:4,0,1,0
BRDA:19,1,0,0
BRDA:19,1,1,0
BRDA:29,2,0,0
BRDA:29,2,1,0
BRDA:29,3,0,0
BRDA:29,3,1,0
BRDA:29,4,0,0
BRDA:29,4,1,0
BRDA:45,5,0,0
BRDA:45,5,1,0
BRF:12
BRH:0
end_of_record
TN:
SF:src/utils/index.ts
FN:9,(anonymous_0)
FN:17,(anonymous_1)
FN:23,(anonymous_2)
FN:58,(anonymous_3)
FN:75,(anonymous_4)
FNF:5
FNH:4
FNDA:1,(anonymous_0)
FNDA:1,(anonymous_1)
FNDA:3,(anonymous_2)
FNDA:5,(anonymous_3)
FNDA:0,(anonymous_4)
DA:1,1
DA:9,1
DA:10,1
DA:11,0
DA:14,1
DA:17,1
DA:18,1
DA:20,1
DA:23,1
DA:26,3
DA:28,3
DA:30,3
DA:32,3
DA:33,3
DA:34,3
DA:36,3
DA:37,1
DA:38,1
DA:39,1
DA:42,3
DA:43,1
DA:44,1
DA:47,3
DA:48,1
DA:51,3
DA:58,1
DA:59,5
DA:60,5
DA:62,5
DA:64,5
DA:72,5
DA:75,1
DA:76,0
DA:77,0
DA:78,0
LF:35
LH:31
BRDA:10,0,0,0
BRDA:10,0,1,1
BRDA:18,1,0,0
BRDA:18,1,1,1
BRDA:18,2,0,1
BRDA:18,2,1,1
BRDA:26,3,0,0
BRDA:26,3,1,3
BRDA:36,4,0,1
BRDA:36,4,1,2
BRDA:42,5,0,1
BRDA:42,5,1,2
BRDA:47,6,0,1
BRDA:47,6,1,2
BRDA:62,7,0,0
BRDA:62,7,1,5
BRDA:76,8,0,0
BRDA:76,8,1,0
BRDA:77,9,0,0
BRDA:77,9,1,0
BRF:20
BRH:12
end_of_record
